<?xml version="1.0" encoding="UTF-8"?>
<testsuite xmlns:xsi="http://www.w3.org/2001/XMLSchema-instance" xsi:noNamespaceSchemaLocation="https://maven.apache.org/surefire/maven-surefire-plugin/xsd/surefire-test-report.xsd" name="TestSuite" time="73.574" tests="2" errors="0" skipped="0" failures="0">
  <properties>
[...]
</properties>
  <testcase name="Test01_calculateUsingDataFromDB" classname="MortgageTests" time="14.892"/>
  <testcase name="test02_verifySaved" classname="MortgageTests" time="2.417"/>
</testsuite>