<?xml version="1.0" encoding="UTF-8"?>
<!-- Generated by org.testng.reporters.JUnitXMLReporter -->
<testsuite hostname="DESKTOP-K720T7V" ignored="0" tests="4" failures="2" timestamp="2021-12-01T20:54:41 IST" time="3.412" errors="0">
  <testcase name="test01_verifyResponseCode" time="0.938" classname="APITests"/>
  <testcase name="test02_verifyName" time="0.443" classname="APITests">
    <failure type="java.lang.NullPointerException">
      <![CDATA[java.lang.NullPointerException
at Extensions.APIActions.getUserDataByName(APIActions.java:29)
at APITests.test02_verifyName(APITests.java:22)
at java.util.ArrayList.forEach(ArrayList.java:1257)
... Removed 31 stack frames]]>
    </failure>
  </testcase> <!-- test02_verifyName -->
  <testcase name="test03_updateUser" time="0.035" classname="APITests"/>
  <testcase name="test4" time="0.035" classname="APITests">
    <failure type="java.lang.AssertionError" message="expected:&amp;lt;412&amp;gt; but was:&amp;lt;200&amp;gt;">
      <![CDATA[java.lang.AssertionError: expected:<412> but was:<200>
at Extensions.Verifications.verifyResponseCode(Verifications.java:54)
at APITests.test4(APITests.java:41)
at java.util.ArrayList.forEach(ArrayList.java:1257)
... Removed 36 stack frames]]>
    </failure>
  </testcase> <!-- test4 -->
</testsuite>
